{"/home/tthophan/Documents/dizim/subscription-service/src/core/common.model.ts": {"path":"/home/tthophan/Documents/dizim/subscription-service/src/core/common.model.ts","statementMap":{"0":{"start":{"line":1,"column":0},"end":{"line":1,"column":37}},"1":{"start":{"line":2,"column":0},"end":{"line":2,"column":44}},"2":{"start":{"line":3,"column":0},"end":{"line":3,"column":33}},"3":{"start":{"line":6,"column":4},"end":{"line":8,"column":null}},"4":{"start":{"line":10,"column":4},"end":{"line":11,"column":null}},"5":{"start":{"line":13,"column":4},"end":{"line":14,"column":null}},"6":{"start":{"line":16,"column":4},"end":{"line":17,"column":null}},"7":{"start":{"line":19,"column":4},"end":{"line":20,"column":null}},"8":{"start":{"line":5,"column":0},"end":{"line":5,"column":13}}},"fnMap":{},"branchMap":{},"s":{"0":4,"1":4,"2":4,"3":4,"4":4,"5":4,"6":4,"7":4,"8":4},"f":{},"b":{}}
,"/home/tthophan/Documents/dizim/subscription-service/src/guard/user.guard.ts": {"path":"/home/tthophan/Documents/dizim/subscription-service/src/guard/user.guard.ts","statementMap":{"0":{"start":{"line":1,"column":0},"end":{"line":1,"column":111}},"1":{"start":{"line":2,"column":0},"end":{"line":2,"column":47}},"2":{"start":{"line":3,"column":0},"end":{"line":3,"column":62}},"3":{"start":{"line":8,"column":7},"end":{"line":51,"column":null}},"4":{"start":{"line":10,"column":16},"end":{"line":10,"column":29}},"5":{"start":{"line":11,"column":16},"end":{"line":11,"column":31}},"6":{"start":{"line":17,"column":8},"end":{"line":17,"column":29}},"7":{"start":{"line":18,"column":20},"end":{"line":18,"column":42}},"8":{"start":{"line":20,"column":24},"end":{"line":20,"column":91}},"9":{"start":{"line":22,"column":29},"end":{"line":22,"column":75}},"10":{"start":{"line":23,"column":8},"end":{"line":23,"column":40}},"11":{"start":{"line":23,"column":27},"end":{"line":23,"column":40}},"12":{"start":{"line":25,"column":23},"end":{"line":25,"column":61}},"13":{"start":{"line":26,"column":23},"end":{"line":26,"column":32}},"14":{"start":{"line":27,"column":29},"end":{"line":29,"column":45}},"15":{"start":{"line":30,"column":8},"end":{"line":48,"column":null}},"16":{"start":{"line":31,"column":30},"end":{"line":35,"column":14}},"17":{"start":{"line":36,"column":12},"end":{"line":36,"column":68}},"18":{"start":{"line":36,"column":55},"end":{"line":36,"column":68}},"19":{"start":{"line":37,"column":12},"end":{"line":43,"column":null}},"20":{"start":{"line":45,"column":12},"end":{"line":47,"column":null}},"21":{"start":{"line":46,"column":16},"end":{"line":46,"column":null}},"22":{"start":{"line":49,"column":8},"end":{"line":49,"column":20}},"23":{"start":{"line":8,"column":13},"end":{"line":51,"column":null}},"24":{"start":{"line":8,"column":13},"end":{"line":8,"column":26}}},"fnMap":{"0":{"name":"(anonymous_2)","decl":{"start":{"line":9,"column":4},"end":{"line":9,"column":null}},"loc":{"start":{"line":11,"column":44},"end":{"line":13,"column":5}}},"1":{"name":"(anonymous_3)","decl":{"start":{"line":16,"column":4},"end":{"line":16,"column":9}},"loc":{"start":{"line":16,"column":47},"end":{"line":50,"column":5}}}},"branchMap":{"0":{"loc":{"start":{"line":23,"column":8},"end":{"line":23,"column":40}},"type":"if","locations":[{"start":{"line":23,"column":8},"end":{"line":23,"column":40}}]},"1":{"loc":{"start":{"line":36,"column":12},"end":{"line":36,"column":68}},"type":"if","locations":[{"start":{"line":36,"column":12},"end":{"line":36,"column":68}}]},"2":{"loc":{"start":{"line":36,"column":16},"end":{"line":36,"column":53}},"type":"binary-expr","locations":[{"start":{"line":36,"column":16},"end":{"line":36,"column":38}},{"start":{"line":36,"column":38},"end":{"line":36,"column":53}}]},"3":{"loc":{"start":{"line":36,"column":17},"end":{"line":36,"column":34}},"type":"cond-expr","locations":[{"start":{"line":36,"column":26},"end":{"line":36,"column":28}},{"start":{"line":36,"column":17},"end":{"line":36,"column":34}}]},"4":{"loc":{"start":{"line":36,"column":17},"end":{"line":36,"column":28}},"type":"binary-expr","locations":[{"start":{"line":36,"column":17},"end":{"line":36,"column":28}},{"start":{"line":36,"column":17},"end":{"line":36,"column":28}}]},"5":{"loc":{"start":{"line":45,"column":12},"end":{"line":47,"column":null}},"type":"if","locations":[{"start":{"line":45,"column":12},"end":{"line":47,"column":null}}]}},"s":{"0":2,"1":2,"2":2,"3":2,"4":7,"5":7,"6":2,"7":2,"8":2,"9":2,"10":2,"11":0,"12":2,"13":2,"14":2,"15":2,"16":2,"17":1,"18":0,"19":1,"20":1,"21":1,"22":1,"23":2,"24":2},"f":{"0":7,"1":2},"b":{"0":[0],"1":[0],"2":[1,1],"3":[0,1],"4":[1,1],"5":[1]}}
,"/home/tthophan/Documents/dizim/subscription-service/src/helpers/common.helper.ts": {"path":"/home/tthophan/Documents/dizim/subscription-service/src/helpers/common.helper.ts","statementMap":{"0":{"start":{"line":1,"column":0},"end":{"line":1,"column":52}},"1":{"start":{"line":5,"column":8},"end":{"line":9,"column":11}},"2":{"start":{"line":6,"column":22},"end":{"line":6,"column":46}},"3":{"start":{"line":7,"column":20},"end":{"line":7,"column":50}},"4":{"start":{"line":8,"column":12},"end":{"line":8,"column":34}},"5":{"start":{"line":12,"column":27},"end":{"line":12,"column":54}},"6":{"start":{"line":13,"column":33},"end":{"line":13,"column":50}},"7":{"start":{"line":14,"column":21},"end":{"line":14,"column":23}},"8":{"start":{"line":15,"column":8},"end":{"line":17,"column":null}},"9":{"start":{"line":15,"column":21},"end":{"line":15,"column":22}},"10":{"start":{"line":16,"column":12},"end":{"line":16,"column":86}},"11":{"start":{"line":19,"column":8},"end":{"line":19,"column":59}},"12":{"start":{"line":22,"column":8},"end":{"line":26,"column":14}},"13":{"start":{"line":29,"column":8},"end":{"line":29,"column":42}},"14":{"start":{"line":32,"column":8},"end":{"line":32,"column":40}},"15":{"start":{"line":35,"column":8},"end":{"line":35,"column":42}},"16":{"start":{"line":3,"column":0},"end":{"line":3,"column":13}}},"fnMap":{"0":{"name":"(anonymous_0)","decl":{"start":{"line":4,"column":11},"end":{"line":4,"column":17}},"loc":{"start":{"line":4,"column":24},"end":{"line":10,"column":5}}},"1":{"name":"(anonymous_1)","decl":{"start":{"line":5,"column":71},"end":{"line":5,"column":72}},"loc":{"start":{"line":5,"column":77},"end":{"line":9,"column":9}}},"2":{"name":"(anonymous_2)","decl":{"start":{"line":11,"column":11},"end":{"line":11,"column":17}},"loc":{"start":{"line":11,"column":47},"end":{"line":20,"column":5}}},"3":{"name":"(anonymous_3)","decl":{"start":{"line":21,"column":11},"end":{"line":21,"column":17}},"loc":{"start":{"line":21,"column":31},"end":{"line":27,"column":5}}},"4":{"name":"(anonymous_4)","decl":{"start":{"line":28,"column":11},"end":{"line":28,"column":17}},"loc":{"start":{"line":28,"column":40},"end":{"line":30,"column":5}}},"5":{"name":"(anonymous_5)","decl":{"start":{"line":31,"column":11},"end":{"line":31,"column":17}},"loc":{"start":{"line":31,"column":107},"end":{"line":33,"column":5}}},"6":{"name":"(anonymous_6)","decl":{"start":{"line":34,"column":11},"end":{"line":34,"column":17}},"loc":{"start":{"line":34,"column":62},"end":{"line":36,"column":5}}}},"branchMap":{"0":{"loc":{"start":{"line":7,"column":20},"end":{"line":7,"column":50}},"type":"cond-expr","locations":[{"start":{"line":7,"column":31},"end":{"line":7,"column":32}},{"start":{"line":7,"column":35},"end":{"line":7,"column":50}}]},"1":{"loc":{"start":{"line":11,"column":31},"end":{"line":11,"column":47}},"type":"default-arg","locations":[{"start":{"line":11,"column":46},"end":{"line":11,"column":47}}]}},"s":{"0":0,"1":0,"2":0,"3":0,"4":0,"5":0,"6":0,"7":0,"8":0,"9":0,"10":0,"11":0,"12":0,"13":0,"14":0,"15":0,"16":0},"f":{"0":0,"1":0,"2":0,"3":0,"4":0,"5":0,"6":0},"b":{"0":[0,0],"1":[0]}}
,"/home/tthophan/Documents/dizim/subscription-service/src/modules/example/example.controller.ts": {"path":"/home/tthophan/Documents/dizim/subscription-service/src/modules/example/example.controller.ts","statementMap":{"0":{"start":{"line":1,"column":0},"end":{"line":1,"column":115}},"1":{"start":{"line":2,"column":0},"end":{"line":2,"column":65}},"2":{"start":{"line":3,"column":0},"end":{"line":3,"column":51}},"3":{"start":{"line":4,"column":0},"end":{"line":4,"column":40}},"4":{"start":{"line":5,"column":0},"end":{"line":5,"column":54}},"5":{"start":{"line":6,"column":0},"end":{"line":6,"column":57}},"6":{"start":{"line":10,"column":7},"end":{"line":56,"column":null}},"7":{"start":{"line":15,"column":8},"end":{"line":15,"column":16}},"8":{"start":{"line":12,"column":16},"end":{"line":12,"column":26}},"9":{"start":{"line":13,"column":16},"end":{"line":13,"column":32}},"10":{"start":{"line":21,"column":8},"end":{"line":21,"column":null}},"11":{"start":{"line":28,"column":8},"end":{"line":28,"column":null}},"12":{"start":{"line":35,"column":8},"end":{"line":35,"column":51}},"13":{"start":{"line":44,"column":8},"end":{"line":44,"column":null}},"14":{"start":{"line":45,"column":8},"end":{"line":45,"column":null}},"15":{"start":{"line":52,"column":24},"end":{"line":52,"column":47}},"16":{"start":{"line":53,"column":14},"end":{"line":53,"column":null}},"17":{"start":{"line":18,"column":10},"end":{"line":22,"column":null}},"18":{"start":{"line":24,"column":10},"end":{"line":29,"column":null}},"19":{"start":{"line":32,"column":10},"end":{"line":36,"column":null}},"20":{"start":{"line":40,"column":10},"end":{"line":47,"column":null}},"21":{"start":{"line":49,"column":10},"end":{"line":55,"column":null}},"22":{"start":{"line":10,"column":13},"end":{"line":56,"column":null}},"23":{"start":{"line":10,"column":13},"end":{"line":10,"column":30}}},"fnMap":{"0":{"name":"(anonymous_4)","decl":{"start":{"line":11,"column":4},"end":{"line":11,"column":null}},"loc":{"start":{"line":13,"column":46},"end":{"line":16,"column":5}}},"1":{"name":"(anonymous_5)","decl":{"start":{"line":18,"column":4},"end":{"line":18,"column":9}},"loc":{"start":{"line":19,"column":35},"end":{"line":22,"column":5}}},"2":{"name":"(anonymous_6)","decl":{"start":{"line":24,"column":4},"end":{"line":24,"column":9}},"loc":{"start":{"line":26,"column":57},"end":{"line":29,"column":5}}},"3":{"name":"(anonymous_7)","decl":{"start":{"line":32,"column":4},"end":{"line":32,"column":9}},"loc":{"start":{"line":33,"column":35},"end":{"line":36,"column":5}}},"4":{"name":"(anonymous_8)","decl":{"start":{"line":40,"column":4},"end":{"line":40,"column":9}},"loc":{"start":{"line":42,"column":38},"end":{"line":47,"column":5}}},"5":{"name":"(anonymous_9)","decl":{"start":{"line":49,"column":4},"end":{"line":49,"column":9}},"loc":{"start":{"line":50,"column":35},"end":{"line":55,"column":5}}}},"branchMap":{},"s":{"0":1,"1":1,"2":1,"3":1,"4":1,"5":1,"6":1,"7":5,"8":5,"9":5,"10":1,"11":1,"12":1,"13":1,"14":1,"15":1,"16":1,"17":1,"18":1,"19":1,"20":1,"21":1,"22":1,"23":1},"f":{"0":5,"1":1,"2":1,"3":1,"4":1,"5":1},"b":{}}
,"/home/tthophan/Documents/dizim/subscription-service/src/modules/example/command/add.command.ts": {"path":"/home/tthophan/Documents/dizim/subscription-service/src/modules/example/command/add.command.ts","statementMap":{"0":{"start":{"line":1,"column":0},"end":{"line":1,"column":41}},"1":{"start":{"line":2,"column":0},"end":{"line":2,"column":102}},"2":{"start":{"line":3,"column":0},"end":{"line":3,"column":44}},"3":{"start":{"line":4,"column":0},"end":{"line":4,"column":78}},"4":{"start":{"line":5,"column":0},"end":{"line":5,"column":40}},"5":{"start":{"line":13,"column":8},"end":{"line":13,"column":16}},"6":{"start":{"line":14,"column":8},"end":{"line":14,"column":25}},"7":{"start":{"line":8,"column":4},"end":{"line":10,"column":null}},"8":{"start":{"line":9,"column":16},"end":{"line":9,"column":23}},"9":{"start":{"line":7,"column":0},"end":{"line":7,"column":13}},"10":{"start":{"line":19,"column":7},"end":{"line":29,"column":null}},"11":{"start":{"line":23,"column":8},"end":{"line":23,"column":16}},"12":{"start":{"line":21,"column":16},"end":{"line":21,"column":35}},"13":{"start":{"line":27,"column":8},"end":{"line":27,"column":63}},"14":{"start":{"line":19,"column":13},"end":{"line":29,"column":null}},"15":{"start":{"line":19,"column":13},"end":{"line":19,"column":30}}},"fnMap":{"0":{"name":"(anonymous_2)","decl":{"start":{"line":12,"column":4},"end":{"line":12,"column":16}},"loc":{"start":{"line":12,"column":29},"end":{"line":15,"column":5}}},"1":{"name":"(anonymous_3)","decl":{"start":{"line":9,"column":10},"end":{"line":9,"column":13}},"loc":{"start":{"line":9,"column":16},"end":{"line":9,"column":23}}},"2":{"name":"(anonymous_4)","decl":{"start":{"line":20,"column":4},"end":{"line":20,"column":null}},"loc":{"start":{"line":21,"column":52},"end":{"line":24,"column":5}}},"3":{"name":"(anonymous_5)","decl":{"start":{"line":26,"column":11},"end":{"line":26,"column":16}},"loc":{"start":{"line":26,"column":42},"end":{"line":28,"column":5}}}},"branchMap":{},"s":{"0":2,"1":2,"2":2,"3":2,"4":2,"5":2,"6":2,"7":2,"8":0,"9":2,"10":2,"11":1,"12":1,"13":1,"14":2,"15":2},"f":{"0":2,"1":0,"2":1,"3":1},"b":{}}
,"/home/tthophan/Documents/dizim/subscription-service/src/modules/example/command/delete.command.ts": {"path":"/home/tthophan/Documents/dizim/subscription-service/src/modules/example/command/delete.command.ts","statementMap":{"0":{"start":{"line":2,"column":0},"end":{"line":2,"column":83}},"1":{"start":{"line":3,"column":0},"end":{"line":3,"column":73}},"2":{"start":{"line":6,"column":0},"end":{"line":6,"column":78}},"3":{"start":{"line":11,"column":8},"end":{"line":11,"column":null}},"4":{"start":{"line":12,"column":8},"end":{"line":12,"column":25}},"5":{"start":{"line":8,"column":0},"end":{"line":8,"column":13}},"6":{"start":{"line":17,"column":7},"end":{"line":32,"column":null}},"7":{"start":{"line":22,"column":8},"end":{"line":22,"column":16}},"8":{"start":{"line":19,"column":16},"end":{"line":19,"column":35}},"9":{"start":{"line":20,"column":16},"end":{"line":20,"column":32}},"10":{"start":{"line":26,"column":19},"end":{"line":26,"column":68}},"11":{"start":{"line":27,"column":8},"end":{"line":29,"column":null}},"12":{"start":{"line":28,"column":12},"end":{"line":28,"column":53}},"13":{"start":{"line":30,"column":8},"end":{"line":30,"column":20}},"14":{"start":{"line":17,"column":13},"end":{"line":32,"column":null}},"15":{"start":{"line":17,"column":13},"end":{"line":17,"column":33}}},"fnMap":{"0":{"name":"(anonymous_2)","decl":{"start":{"line":10,"column":4},"end":{"line":10,"column":16}},"loc":{"start":{"line":10,"column":28},"end":{"line":13,"column":5}}},"1":{"name":"(anonymous_3)","decl":{"start":{"line":18,"column":4},"end":{"line":18,"column":null}},"loc":{"start":{"line":20,"column":46},"end":{"line":23,"column":5}}},"2":{"name":"(anonymous_4)","decl":{"start":{"line":25,"column":4},"end":{"line":25,"column":9}},"loc":{"start":{"line":25,"column":38},"end":{"line":31,"column":5}}}},"branchMap":{"0":{"loc":{"start":{"line":27,"column":8},"end":{"line":29,"column":null}},"type":"if","locations":[{"start":{"line":27,"column":8},"end":{"line":29,"column":null}}]},"1":{"loc":{"start":{"line":27,"column":12},"end":{"line":27,"column":35}},"type":"binary-expr","locations":[{"start":{"line":27,"column":12},"end":{"line":27,"column":16}},{"start":{"line":27,"column":20},"end":{"line":27,"column":35}}]}},"s":{"0":2,"1":2,"2":2,"3":4,"4":4,"5":2,"6":2,"7":2,"8":2,"9":2,"10":2,"11":2,"12":1,"13":1,"14":2,"15":2},"f":{"0":4,"1":2,"2":2},"b":{"0":[1],"1":[2,2]}}
,"/home/tthophan/Documents/dizim/subscription-service/src/modules/example/command/update.command.ts": {"path":"/home/tthophan/Documents/dizim/subscription-service/src/modules/example/command/update.command.ts","statementMap":{"0":{"start":{"line":2,"column":0},"end":{"line":2,"column":44}},"1":{"start":{"line":3,"column":0},"end":{"line":3,"column":65}},"2":{"start":{"line":4,"column":0},"end":{"line":4,"column":78}},"3":{"start":{"line":5,"column":0},"end":{"line":5,"column":102}},"4":{"start":{"line":6,"column":0},"end":{"line":6,"column":41}},"5":{"start":{"line":7,"column":0},"end":{"line":7,"column":40}},"6":{"start":{"line":17,"column":8},"end":{"line":17,"column":16}},"7":{"start":{"line":18,"column":8},"end":{"line":18,"column":25}},"8":{"start":{"line":10,"column":4},"end":{"line":11,"column":null}},"9":{"start":{"line":12,"column":4},"end":{"line":14,"column":null}},"10":{"start":{"line":13,"column":16},"end":{"line":13,"column":23}},"11":{"start":{"line":9,"column":0},"end":{"line":9,"column":13}},"12":{"start":{"line":23,"column":7},"end":{"line":41,"column":null}},"13":{"start":{"line":28,"column":8},"end":{"line":28,"column":16}},"14":{"start":{"line":25,"column":16},"end":{"line":25,"column":35}},"15":{"start":{"line":26,"column":16},"end":{"line":26,"column":32}},"16":{"start":{"line":33,"column":22},"end":{"line":33,"column":76}},"17":{"start":{"line":35,"column":8},"end":{"line":37,"column":null}},"18":{"start":{"line":36,"column":12},"end":{"line":36,"column":65}},"19":{"start":{"line":38,"column":8},"end":{"line":38,"column":41}},"20":{"start":{"line":39,"column":8},"end":{"line":39,"column":58}},"21":{"start":{"line":23,"column":13},"end":{"line":41,"column":null}},"22":{"start":{"line":23,"column":13},"end":{"line":23,"column":33}}},"fnMap":{"0":{"name":"(anonymous_2)","decl":{"start":{"line":16,"column":4},"end":{"line":16,"column":16}},"loc":{"start":{"line":16,"column":29},"end":{"line":19,"column":5}}},"1":{"name":"(anonymous_3)","decl":{"start":{"line":13,"column":10},"end":{"line":13,"column":13}},"loc":{"start":{"line":13,"column":16},"end":{"line":13,"column":23}}},"2":{"name":"(anonymous_4)","decl":{"start":{"line":24,"column":4},"end":{"line":24,"column":null}},"loc":{"start":{"line":26,"column":46},"end":{"line":29,"column":5}}},"3":{"name":"(anonymous_5)","decl":{"start":{"line":31,"column":11},"end":{"line":31,"column":16}},"loc":{"start":{"line":31,"column":45},"end":{"line":40,"column":5}}}},"branchMap":{"0":{"loc":{"start":{"line":35,"column":8},"end":{"line":37,"column":null}},"type":"if","locations":[{"start":{"line":35,"column":8},"end":{"line":37,"column":null}}]}},"s":{"0":2,"1":2,"2":2,"3":2,"4":2,"5":2,"6":3,"7":3,"8":2,"9":2,"10":0,"11":2,"12":2,"13":2,"14":2,"15":2,"16":2,"17":2,"18":1,"19":1,"20":1,"21":2,"22":2},"f":{"0":3,"1":0,"2":2,"3":2},"b":{"0":[1]}}
,"/home/tthophan/Documents/dizim/subscription-service/src/modules/shared/entities/example.ts": {"path":"/home/tthophan/Documents/dizim/subscription-service/src/modules/shared/entities/example.ts","statementMap":{"0":{"start":{"line":1,"column":0},"end":{"line":1,"column":49}},"1":{"start":{"line":3,"column":0},"end":{"line":3,"column":83}},"2":{"start":{"line":6,"column":7},"end":{"line":21,"column":null}},"3":{"start":{"line":18,"column":8},"end":{"line":18,"column":null}},"4":{"start":{"line":19,"column":8},"end":{"line":19,"column":null}},"5":{"start":{"line":7,"column":4},"end":{"line":10,"column":null}},"6":{"start":{"line":12,"column":4},"end":{"line":13,"column":null}},"7":{"start":{"line":15,"column":4},"end":{"line":16,"column":null}},"8":{"start":{"line":6,"column":13},"end":{"line":21,"column":null}},"9":{"start":{"line":6,"column":13},"end":{"line":6,"column":20}}},"fnMap":{"0":{"name":"(anonymous_2)","decl":{"start":{"line":17,"column":4},"end":{"line":17,"column":16}},"loc":{"start":{"line":17,"column":40},"end":{"line":20,"column":5}}}},"branchMap":{},"s":{"0":4,"1":4,"2":4,"3":2,"4":2,"5":4,"6":4,"7":4,"8":4,"9":4},"f":{"0":2},"b":{}}
,"/home/tthophan/Documents/dizim/subscription-service/src/modules/shared/queries/example.queries.ts": {"path":"/home/tthophan/Documents/dizim/subscription-service/src/modules/shared/queries/example.queries.ts","statementMap":{"0":{"start":{"line":1,"column":0},"end":{"line":1,"column":44}},"1":{"start":{"line":2,"column":0},"end":{"line":2,"column":59}},"2":{"start":{"line":3,"column":0},"end":{"line":3,"column":39}},"3":{"start":{"line":4,"column":0},"end":{"line":4,"column":51}},"4":{"start":{"line":5,"column":0},"end":{"line":5,"column":49}},"5":{"start":{"line":7,"column":0},"end":{"line":7,"column":37}},"6":{"start":{"line":10,"column":7},"end":{"line":46,"column":null}},"7":{"start":{"line":16,"column":8},"end":{"line":16,"column":23}},"8":{"start":{"line":14,"column":16},"end":{"line":14,"column":28}},"9":{"start":{"line":20,"column":8},"end":{"line":25,"column":11}},"10":{"start":{"line":29,"column":24},"end":{"line":29,"column":26}},"11":{"start":{"line":31,"column":19},"end":{"line":38,"column":10}},"12":{"start":{"line":39,"column":8},"end":{"line":44,"column":32}},"13":{"start":{"line":10,"column":13},"end":{"line":46,"column":null}},"14":{"start":{"line":10,"column":13},"end":{"line":10,"column":27}}},"fnMap":{"0":{"name":"(anonymous_4)","decl":{"start":{"line":11,"column":4},"end":{"line":11,"column":null}},"loc":{"start":{"line":14,"column":47},"end":{"line":17,"column":5}}},"1":{"name":"(anonymous_5)","decl":{"start":{"line":19,"column":11},"end":{"line":19,"column":16}},"loc":{"start":{"line":19,"column":39},"end":{"line":26,"column":5}}},"2":{"name":"(anonymous_6)","decl":{"start":{"line":28,"column":11},"end":{"line":28,"column":16}},"loc":{"start":{"line":28,"column":57},"end":{"line":45,"column":5}}}},"branchMap":{},"s":{"0":3,"1":3,"2":3,"3":3,"4":3,"5":3,"6":3,"7":0,"8":0,"9":0,"10":0,"11":0,"12":0,"13":3,"14":3},"f":{"0":0,"1":0,"2":0},"b":{}}
,"/home/tthophan/Documents/dizim/subscription-service/src/modules/shared/repositories/example.repositories.ts": {"path":"/home/tthophan/Documents/dizim/subscription-service/src/modules/shared/repositories/example.repositories.ts","statementMap":{"0":{"start":{"line":1,"column":0},"end":{"line":1,"column":44}},"1":{"start":{"line":2,"column":0},"end":{"line":2,"column":59}},"2":{"start":{"line":4,"column":0},"end":{"line":4,"column":72}},"3":{"start":{"line":5,"column":0},"end":{"line":5,"column":41}},"4":{"start":{"line":6,"column":0},"end":{"line":6,"column":52}},"5":{"start":{"line":9,"column":7},"end":{"line":18,"column":null}},"6":{"start":{"line":16,"column":8},"end":{"line":16,"column":38}},"7":{"start":{"line":12,"column":16},"end":{"line":12,"column":31}},"8":{"start":{"line":14,"column":17},"end":{"line":14,"column":29}},"9":{"start":{"line":9,"column":13},"end":{"line":18,"column":null}},"10":{"start":{"line":9,"column":13},"end":{"line":9,"column":30}}},"fnMap":{"0":{"name":"(anonymous_4)","decl":{"start":{"line":10,"column":4},"end":{"line":10,"column":null}},"loc":{"start":{"line":14,"column":48},"end":{"line":17,"column":5}}}},"branchMap":{},"s":{"0":4,"1":4,"2":4,"3":4,"4":4,"5":4,"6":0,"7":0,"8":0,"9":4,"10":4},"f":{"0":0},"b":{}}
}
