TN:
SF:src/core/common.model.ts
FNF:0
FNH:0
DA:1,4
DA:2,4
DA:3,4
DA:5,4
DA:6,4
DA:10,4
DA:13,4
DA:16,4
DA:19,4
LF:9
LH:9
BRF:0
BRH:0
end_of_record
TN:
SF:src/guard/user.guard.ts
FN:9,(anonymous_2)
FN:16,(anonymous_3)
FNF:2
FNH:2
FNDA:7,(anonymous_2)
FNDA:2,(anonymous_3)
DA:1,2
DA:2,2
DA:3,2
DA:8,2
DA:10,7
DA:11,7
DA:17,2
DA:18,2
DA:20,2
DA:22,2
DA:23,2
DA:25,2
DA:26,2
DA:27,2
DA:30,2
DA:31,2
DA:36,1
DA:37,1
DA:45,1
DA:46,1
DA:49,1
LF:21
LH:21
BRDA:23,0,0,0
BRDA:36,1,0,0
BRDA:36,2,0,1
BRDA:36,2,1,1
BRDA:36,3,0,0
BRDA:36,3,1,1
BRDA:36,4,0,1
BRDA:36,4,1,1
BRDA:45,5,0,1
BRF:9
BRH:6
end_of_record
TN:
SF:src/helpers/common.helper.ts
FN:4,(anonymous_0)
FN:5,(anonymous_1)
FN:11,(anonymous_2)
FN:21,(anonymous_3)
FN:28,(anonymous_4)
FN:31,(anonymous_5)
FN:34,(anonymous_6)
FNF:7
FNH:0
FNDA:0,(anonymous_0)
FNDA:0,(anonymous_1)
FNDA:0,(anonymous_2)
FNDA:0,(anonymous_3)
FNDA:0,(anonymous_4)
FNDA:0,(anonymous_5)
FNDA:0,(anonymous_6)
DA:1,0
DA:3,0
DA:5,0
DA:6,0
DA:7,0
DA:8,0
DA:12,0
DA:13,0
DA:14,0
DA:15,0
DA:16,0
DA:19,0
DA:22,0
DA:29,0
DA:32,0
DA:35,0
LF:16
LH:0
BRDA:7,0,0,0
BRDA:7,0,1,0
BRDA:11,1,0,0
BRF:3
BRH:0
end_of_record
TN:
SF:src/modules/example/example.controller.ts
FN:11,(anonymous_4)
FN:18,(anonymous_5)
FN:24,(anonymous_6)
FN:32,(anonymous_7)
FN:40,(anonymous_8)
FN:49,(anonymous_9)
FNF:6
FNH:6
FNDA:5,(anonymous_4)
FNDA:1,(anonymous_5)
FNDA:1,(anonymous_6)
FNDA:1,(anonymous_7)
FNDA:1,(anonymous_8)
FNDA:1,(anonymous_9)
DA:1,1
DA:2,1
DA:3,1
DA:4,1
DA:5,1
DA:6,1
DA:10,1
DA:12,5
DA:13,5
DA:15,5
DA:18,1
DA:21,1
DA:24,1
DA:28,1
DA:32,1
DA:35,1
DA:40,1
DA:44,1
DA:45,1
DA:49,1
DA:52,1
DA:53,1
LF:22
LH:22
BRF:0
BRH:0
end_of_record
TN:
SF:src/modules/example/command/add.command.ts
FN:12,(anonymous_2)
FN:9,(anonymous_3)
FN:20,(anonymous_4)
FN:26,(anonymous_5)
FNF:4
FNH:3
FNDA:2,(anonymous_2)
FNDA:0,(anonymous_3)
FNDA:1,(anonymous_4)
FNDA:1,(anonymous_5)
DA:1,2
DA:2,2
DA:3,2
DA:4,2
DA:5,2
DA:7,2
DA:8,2
DA:9,0
DA:13,2
DA:14,2
DA:19,2
DA:21,1
DA:23,1
DA:27,1
LF:14
LH:13
BRF:0
BRH:0
end_of_record
TN:
SF:src/modules/example/command/delete.command.ts
FN:10,(anonymous_2)
FN:18,(anonymous_3)
FN:25,(anonymous_4)
FNF:3
FNH:3
FNDA:4,(anonymous_2)
FNDA:2,(anonymous_3)
FNDA:2,(anonymous_4)
DA:2,2
DA:3,2
DA:6,2
DA:8,2
DA:11,4
DA:12,4
DA:17,2
DA:19,2
DA:20,2
DA:22,2
DA:26,2
DA:27,2
DA:28,1
DA:30,1
LF:14
LH:14
BRDA:27,0,0,1
BRDA:27,1,0,2
BRDA:27,1,1,2
BRF:3
BRH:3
end_of_record
TN:
SF:src/modules/example/command/update.command.ts
FN:16,(anonymous_2)
FN:13,(anonymous_3)
FN:24,(anonymous_4)
FN:31,(anonymous_5)
FNF:4
FNH:3
FNDA:3,(anonymous_2)
FNDA:0,(anonymous_3)
FNDA:2,(anonymous_4)
FNDA:2,(anonymous_5)
DA:2,2
DA:3,2
DA:4,2
DA:5,2
DA:6,2
DA:7,2
DA:9,2
DA:10,2
DA:12,2
DA:13,0
DA:17,3
DA:18,3
DA:23,2
DA:25,2
DA:26,2
DA:28,2
DA:33,2
DA:35,2
DA:36,1
DA:38,1
DA:39,1
LF:21
LH:20
BRDA:35,0,0,1
BRF:1
BRH:1
end_of_record
TN:
SF:src/modules/shared/entities/example.ts
FN:17,(anonymous_2)
FNF:1
FNH:1
FNDA:2,(anonymous_2)
DA:1,4
DA:3,4
DA:6,4
DA:7,4
DA:12,4
DA:15,4
DA:18,2
DA:19,2
LF:8
LH:8
BRF:0
BRH:0
end_of_record
TN:
SF:src/modules/shared/queries/example.queries.ts
FN:11,(anonymous_4)
FN:19,(anonymous_5)
FN:28,(anonymous_6)
FNF:3
FNH:0
FNDA:0,(anonymous_4)
FNDA:0,(anonymous_5)
FNDA:0,(anonymous_6)
DA:1,3
DA:2,3
DA:3,3
DA:4,3
DA:5,3
DA:7,3
DA:10,3
DA:14,0
DA:16,0
DA:20,0
DA:29,0
DA:31,0
DA:39,0
LF:13
LH:7
BRF:0
BRH:0
end_of_record
TN:
SF:src/modules/shared/repositories/example.repositories.ts
FN:10,(anonymous_4)
FNF:1
FNH:0
FNDA:0,(anonymous_4)
DA:1,4
DA:2,4
DA:4,4
DA:5,4
DA:6,4
DA:9,4
DA:12,0
DA:14,0
DA:16,0
LF:9
LH:6
BRF:0
BRH:0
end_of_record
